<?xml version="1.0" encoding="UTF-8"?>
<!-- Generated by org.testng.reporters.JUnitXMLReporter -->
<testsuite ignored="0" hostname="DESKTOP-VTFEK2Q" failures="0" tests="1" name="Android_Test" time="30.309" errors="0" timestamp="2023-04-18T13:02:39 EDT">
  <testcase classname="base.BaseTestCase" name="@BeforeTest setupBeforeTest" time="30.138">
    <failure type="org.openqa.selenium.UnsupportedCommandException" message="{&amp;quot;value&amp;quot;:{&amp;quot;error&amp;quot;:&amp;quot;unknown method&amp;quot;,&amp;quot;message&amp;quot;:&amp;quot;Not implemented yet for pageLoad.&amp;quot;,&amp;quot;stacktrace&amp;quot;:&amp;quot;NotImplementedError: Not implemented yet for pageLoad.\n    at AndroidUiautomator2Driver.pageLoadTimeoutW3C (C:\\Program Files\\Appium\\resources\\app\\node_modules\\appium\\node_modules\\appium-base-driver\\lib\\basedriver\\commands\\timeout.js:83:9)\n    at AndroidUiautomator2Driver.timeouts (C:\\Program Files\\Appium\\resources\\app\\node_modules\\appium\\node_modules\\appium-base-driver\\lib\\basedriver\\commands\\timeout.js:40:16)\n    at commandExecutor (C:\\Program Files\\Appium\\resources\\app\\node_modules\\appium\\node_modules\\appium-base-driver\\lib\\basedriver\\driver.js:335:9)\n    at C:\\Program Files\\Appium\\resources\\app\\node_modules\\appium\\node_modules\\async-lock\\lib\\index.js:146:12\n    at AsyncLock._promiseTry (C:\\Program Files\\Appium\\resources\\app\\node_modules\\appium\\node_modules\\async-lock\\lib\\index.js:280:31)\n    at exec (C:\\Program Files\\Appium\\resources\\app\\node_modules\\appium\\node_modules\\async-lock\\lib\\index.js:145:9)\n    at AsyncLock.acquire (C:\\Program Files\\Appium\\resources\\app\\node_modules\\appium\\node_modules\\async-lock\\lib\\index.js:162:3)\n    at AndroidUiautomator2Driver.executeCommand (C:\\Program Files\\Appium\\resources\\app\\node_modules\\appium\\node_modules\\appium-base-driver\\lib\\basedriver\\driver.js:348:39)\n    at AppiumDriver.executeCommand (C:\\Program Files\\Appium\\resources\\app\\node_modules\\appium\\lib\\appium.js:563:36)\n    at runMicrotasks (&amp;lt;anonymous&amp;gt;)\n    at processTicksAndRejections (internal/process/task_queues.js:97:5)\n    at asyncHandler (C:\\Program Files\\Appium\\resources\\app\\node_modules\\appium\\node_modules\\appium-base-driver\\lib\\protocol\\protocol.js:297:21)&amp;quot;}}
Command duration or timeout: 38 milliseconds
Build info: version: &amp;apos;4.8.3&amp;apos;, revision: &amp;apos;e5e76298c3&amp;apos;
System info: os.name: &amp;apos;Windows 10&amp;apos;, os.arch: &amp;apos;amd64&amp;apos;, os.version: &amp;apos;10.0&amp;apos;, java.version: &amp;apos;11.0.12&amp;apos;
Driver info: io.appium.java_client.android.AndroidDriver
Command: [f818982e-2bfd-41a4-a521-e7587e9f78d2, setTimeout {pageLoad=60000}]
Capabilities {appium:appActivity: com.fivemobile.thescore.ui...., appium:appPackage: com.fivemobile.thescore, appium:automationName: UIAutomator2, appium:databaseEnabled: false, appium:desired: {appActivity: com.fivemobile.thescore.ui...., appPackage: com.fivemobile.thescore, automationName: UIAutomator2, deviceName: Pixel3, platformName: android, platformVersion: 9.0}, appium:deviceApiLevel: 28, appium:deviceManufacturer: Google, appium:deviceModel: AOSP on IA Emulator, appium:deviceName: emulator-5554, appium:deviceScreenDensity: 440, appium:deviceScreenSize: 1080x2160, appium:deviceUDID: emulator-5554, appium:javascriptEnabled: true, appium:locationContextEnabled: false, appium:networkConnectionEnabled: true, appium:pixelRatio: 2.75, appium:platformVersion: 9, appium:statBarHeight: 66, appium:takesScreenshot: true, appium:viewportRect: {height: 1962, left: 0, top: 66, width: 1080}, appium:warnings: {}, appium:webStorageEnabled: false, platformName: ANDROID}
Session ID: f818982e-2bfd-41a4-a521-e7587e9f78d2">
      <![CDATA[org.openqa.selenium.UnsupportedCommandException: {"value":{"error":"unknown method","message":"Not implemented yet for pageLoad.","stacktrace":"NotImplementedError: Not implemented yet for pageLoad.\n    at AndroidUiautomator2Driver.pageLoadTimeoutW3C (C:\\Program Files\\Appium\\resources\\app\\node_modules\\appium\\node_modules\\appium-base-driver\\lib\\basedriver\\commands\\timeout.js:83:9)\n    at AndroidUiautomator2Driver.timeouts (C:\\Program Files\\Appium\\resources\\app\\node_modules\\appium\\node_modules\\appium-base-driver\\lib\\basedriver\\commands\\timeout.js:40:16)\n    at commandExecutor (C:\\Program Files\\Appium\\resources\\app\\node_modules\\appium\\node_modules\\appium-base-driver\\lib\\basedriver\\driver.js:335:9)\n    at C:\\Program Files\\Appium\\resources\\app\\node_modules\\appium\\node_modules\\async-lock\\lib\\index.js:146:12\n    at AsyncLock._promiseTry (C:\\Program Files\\Appium\\resources\\app\\node_modules\\appium\\node_modules\\async-lock\\lib\\index.js:280:31)\n    at exec (C:\\Program Files\\Appium\\resources\\app\\node_modules\\appium\\node_modules\\async-lock\\lib\\index.js:145:9)\n    at AsyncLock.acquire (C:\\Program Files\\Appium\\resources\\app\\node_modules\\appium\\node_modules\\async-lock\\lib\\index.js:162:3)\n    at AndroidUiautomator2Driver.executeCommand (C:\\Program Files\\Appium\\resources\\app\\node_modules\\appium\\node_modules\\appium-base-driver\\lib\\basedriver\\driver.js:348:39)\n    at AppiumDriver.executeCommand (C:\\Program Files\\Appium\\resources\\app\\node_modules\\appium\\lib\\appium.js:563:36)\n    at runMicrotasks (<anonymous>)\n    at processTicksAndRejections (internal/process/task_queues.js:97:5)\n    at asyncHandler (C:\\Program Files\\Appium\\resources\\app\\node_modules\\appium\\node_modules\\appium-base-driver\\lib\\protocol\\protocol.js:297:21)"}}
Command duration or timeout: 38 milliseconds
Build info: version: '4.8.3', revision: 'e5e76298c3'
System info: os.name: 'Windows 10', os.arch: 'amd64', os.version: '10.0', java.version: '11.0.12'
Driver info: io.appium.java_client.android.AndroidDriver
Command: [f818982e-2bfd-41a4-a521-e7587e9f78d2, setTimeout {pageLoad=60000}]
Capabilities {appium:appActivity: com.fivemobile.thescore.ui...., appium:appPackage: com.fivemobile.thescore, appium:automationName: UIAutomator2, appium:databaseEnabled: false, appium:desired: {appActivity: com.fivemobile.thescore.ui...., appPackage: com.fivemobile.thescore, automationName: UIAutomator2, deviceName: Pixel3, platformName: android, platformVersion: 9.0}, appium:deviceApiLevel: 28, appium:deviceManufacturer: Google, appium:deviceModel: AOSP on IA Emulator, appium:deviceName: emulator-5554, appium:deviceScreenDensity: 440, appium:deviceScreenSize: 1080x2160, appium:deviceUDID: emulator-5554, appium:javascriptEnabled: true, appium:locationContextEnabled: false, appium:networkConnectionEnabled: true, appium:pixelRatio: 2.75, appium:platformVersion: 9, appium:statBarHeight: 66, appium:takesScreenshot: true, appium:viewportRect: {height: 1962, left: 0, top: 66, width: 1080}, appium:warnings: {}, appium:webStorageEnabled: false, platformName: ANDROID}
Session ID: f818982e-2bfd-41a4-a521-e7587e9f78d2
at org.openqa.selenium.remote.ErrorHandler.createThrowable(ErrorHandler.java:217)
at org.openqa.selenium.remote.ErrorHandler.throwIfResponseFailed(ErrorHandler.java:169)
at org.openqa.selenium.remote.RemoteWebDriver.execute(RemoteWebDriver.java:578)
at org.openqa.selenium.remote.RemoteWebDriver$RemoteWebDriverOptions$RemoteTimeouts.pageLoadTimeout(RemoteWebDriver.java:898)
at base.BaseTestCase.createAndroidDriver(BaseTestCase.java:88)
at base.BaseTestCase.setupBeforeTest(BaseTestCase.java:65)
... Removed 28 stack frames]]>
    </failure>
  </testcase> <!-- @BeforeTest setupBeforeTest -->
  <testcase classname="base.BaseTestCase" name="@AfterTest tearDownAfterTest" time="0.0">
    <skipped/>
  </testcase> <!-- @AfterTest tearDownAfterTest -->
  <testcase classname="tc.SelectFavoriteLeagueAndTeam" name="addFavoriteLeagueAndTeam" time="0.0">
    <skipped/>
  </testcase> <!-- addFavoriteLeagueAndTeam -->
</testsuite> <!-- Android_Test -->
